<?xml version="1.0" encoding="UTF-8"?>
<!-- Generated by org.testng.reporters.JUnitReportReporter -->
<testsuite hostname="LAPTOP-5COFNKBT" failures="0" tests="1" name="com.nit.links.ParaBankLinks" time="84.319" errors="0" timestamp="26 Sep 2024 07:02:01 GMT" skipped="0">
  <testcase classname="com.nit.links.ParaBankLinks" name="links" time="84.319"/>
</testsuite> <!-- com.nit.links.ParaBankLinks -->
