<?xml version="1.0" encoding="UTF-8"?>
<!-- Generated by org.testng.reporters.JUnitReportReporter -->
<testsuite hostname="LAPTOP-5COFNKBT" failures="0" tests="1" name="com.nit.dp.BrokenLinks" time="42.284" errors="0" timestamp="21 Oct 2024 09:50:16 GMT" skipped="0">
  <testcase classname="com.nit.dp.BrokenLinks" name="brockenLinks" time="42.284"/>
</testsuite> <!-- com.nit.dp.BrokenLinks -->
