<?xml version="1.0" encoding="UTF-8"?>
<!-- Generated by org.testng.reporters.JUnitReportReporter -->
<testsuite hostname="LAPTOP-5COFNKBT" failures="0" tests="10" name="com.nit.dp.AmazonDiffSearchElements" time="215.087" errors="0" timestamp="19 Oct 2024 10:44:13 GMT" skipped="0">
  <testcase classname="com.nit.dp.AmazonDiffSearchElements" name="search" time="22.171"/>
  <testcase classname="com.nit.dp.AmazonDiffSearchElements" name="search" time="18.239"/>
  <testcase classname="com.nit.dp.AmazonDiffSearchElements" name="search" time="17.557"/>
  <testcase classname="com.nit.dp.AmazonDiffSearchElements" name="search" time="33.440"/>
  <testcase classname="com.nit.dp.AmazonDiffSearchElements" name="search" time="24.929"/>
  <testcase classname="com.nit.dp.AmazonDiffSearchElements" name="search" time="26.426"/>
  <testcase classname="com.nit.dp.AmazonDiffSearchElements" name="search" time="19.153"/>
  <testcase classname="com.nit.dp.AmazonDiffSearchElements" name="search" time="16.352"/>
  <testcase classname="com.nit.dp.AmazonDiffSearchElements" name="search" time="20.181"/>
  <testcase classname="com.nit.dp.AmazonDiffSearchElements" name="search" time="16.639"/>
</testsuite> <!-- com.nit.dp.AmazonDiffSearchElements -->
