<?xml version="1.0" encoding="UTF-8"?>
<!-- Generated by org.testng.reporters.JUnitReportReporter -->
<testsuite hostname="LAPTOP-5COFNKBT" failures="0" tests="2" name="ValidateResponseBody.ParseResponseBody" time="3.833" errors="0" timestamp="2024-08-08T18:00:12 IST" skipped="0">
  <testcase classname="ValidateResponseBody.ParseResponseBody" name="JsonResponce1" time="3.781"/>
  <testcase classname="ValidateResponseBody.ParseResponseBody" name="JsonResponce2" time="0.052"/>
</testsuite> <!-- ValidateResponseBody.ParseResponseBody -->
