<?xml version="1.0" encoding="UTF-8"?>
<!-- Generated by org.testng.reporters.JUnitReportReporter -->
<testsuite hostname="LAPTOP-5COFNKBT" failures="0" tests="1" name="com.nt.reqres.GetHttpReq" time="17.216" errors="0" timestamp="2024-10-16T12:10:15 IST" skipped="0">
  <testcase classname="com.nt.reqres.GetHttpReq" name="getUserUsingPreConditions" time="17.216"/>
</testsuite> <!-- com.nt.reqres.GetHttpReq -->
