<?xml version="1.0" encoding="UTF-8"?>
<!-- Generated by org.testng.reporters.JUnitReportReporter -->
<testsuite hostname="LAPTOP-5COFNKBT" failures="0" tests="1" name="com.nt.student.PostRequest" time="4.162" errors="0" timestamp="2024-08-03T12:26:07 IST" skipped="0">
  <testcase classname="com.nt.student.PostRequest" name="postReq" time="4.162"/>
</testsuite> <!-- com.nt.student.PostRequest -->
