<?xml version="1.0" encoding="UTF-8"?>
<!-- Generated by org.testng.reporters.JUnitReportReporter -->
<testsuite hostname="LAPTOP-5COFNKBT" failures="0" tests="1" name="com.nt.reqres.PostHttpReq" time="4.424" errors="0" timestamp="2024-08-02T13:49:25 IST" skipped="0">
  <testcase classname="com.nt.reqres.PostHttpReq" name="postReq" time="4.424"/>
</testsuite> <!-- com.nt.reqres.PostHttpReq -->
