<?xml version="1.0" encoding="UTF-8"?>
<!-- Generated by org.testng.reporters.JUnitReportReporter -->
<testsuite hostname="LAPTOP-5COFNKBT" failures="0" tests="1" name="com.nt.queryparams.QueryParam" time="2.873" errors="0" timestamp="2024-08-03T15:08:54 IST" skipped="0">
  <testcase classname="com.nt.queryparams.QueryParam" name="queryParam" time="2.873"/>
</testsuite> <!-- com.nt.queryparams.QueryParam -->
