<?xml version="1.0" encoding="UTF-8"?>
<!-- Generated by org.testng.reporters.JUnitReportReporter -->
<testsuite hostname="LAPTOP-5COFNKBT" failures="0" tests="1" name="com.nt.student.PostReqestJson" time="3.479" errors="0" timestamp="2024-08-03T13:18:03 IST" skipped="0">
  <testcase classname="com.nt.student.PostReqestJson" name="postRequestPojo" time="3.479"/>
</testsuite> <!-- com.nt.student.PostReqestJson -->
