<?xml version="1.0" encoding="UTF-8"?>
<!-- Generated by org.testng.reporters.JUnitReportReporter -->
<testsuite hostname="LAPTOP-5COFNKBT" failures="0" tests="1" name="com.nt.queryparams.CookiesValidation" time="3.322" errors="0" timestamp="2024-08-03T15:32:59 IST" skipped="0">
  <testcase classname="com.nt.queryparams.CookiesValidation" name="cookiesValidation" time="3.322"/>
</testsuite> <!-- com.nt.queryparams.CookiesValidation -->
