<?xml version="1.0" encoding="UTF-8"?>
<!-- Generated by org.testng.reporters.JUnitReportReporter -->
<testsuite ignored="0" hostname="LAPTOP-5COFNKBT" failures="0" tests="1" name="com.saucedemo.test.LoginSauce" time="143.500" errors="0" timestamp="06 Sep 2024 06:11:46 GMT" skipped="0">
  <testcase classname="com.saucedemo.test.LoginSauce" name="loginSauce" time="143.500"/>
</testsuite> <!-- com.saucedemo.test.LoginSauce -->
