<?xml version="1.0" encoding="UTF-8"?>
<!-- Generated by org.testng.reporters.JUnitReportReporter -->
<testsuite hostname="LAPTOP-5COFNKBT" failures="0" tests="1" name="com.nit.as.AmazonSearch" time="257.779" errors="0" timestamp="18 Sep 2024 07:07:17 GMT" skipped="0">
  <testcase classname="com.nit.as.AmazonSearch" name="amazonSearch" time="257.779"/>
</testsuite> <!-- com.nit.as.AmazonSearch -->
